--------------------------------------------------------------------------------
zo, 03. april 2016, 18:13 -> Sun Apr 03 18:13:46 CEST 2016 INFO aultLogRecordHandler Log-file: error.log                                                                                 | main
--------------------------------------------------------------------------------
zo, 03. april 2016, 18:13 -> Sun Apr 03 18:13:46 CEST 2016 INFO ApplicationStarter   ********************************************************************************                    | main
--------------------------------------------------------------------------------
zo, 03. april 2016, 18:13 -> Sun Apr 03 18:13:46 CEST 2016 INFO ApplicationStarter   Starting application: scrum.mda.ScrumModelApplication                                               | main
--------------------------------------------------------------------------------
zo, 03. april 2016, 18:13 -> Sun Apr 03 18:13:46 CEST 2016 INFO ApplicationStarter       DEVELOPMENT MODE                                                                                | main
--------------------------------------------------------------------------------
zo, 03. april 2016, 18:13 -> Sun Apr 03 18:13:46 CEST 2016 INFO ApplicationStarter       time:         2016-04-03 18:13:45                                                               | main
--------------------------------------------------------------------------------
zo, 03. april 2016, 18:13 -> Sun Apr 03 18:13:46 CEST 2016 INFO ApplicationStarter       system user:  Erik                                                                              | main
--------------------------------------------------------------------------------
zo, 03. april 2016, 18:13 -> Sun Apr 03 18:13:46 CEST 2016 INFO ApplicationStarter       user home:    C:\Users\erik.MYNETWORK                                                           | main
--------------------------------------------------------------------------------
zo, 03. april 2016, 18:13 -> Sun Apr 03 18:13:46 CEST 2016 INFO ApplicationStarter       work-path:    C:\NB-DEV\Kunagi2\kunagi2                                                         | main
--------------------------------------------------------------------------------
zo, 03. april 2016, 18:13 -> Sun Apr 03 18:13:46 CEST 2016 INFO ApplicationStarter       temp-path:    C:\Users\ERIK~1.MYN\AppData\Local\Temp                                            | main
--------------------------------------------------------------------------------
zo, 03. april 2016, 18:13 -> Sun Apr 03 18:13:46 CEST 2016 INFO ApplicationStarter       locale:       en_US                                                                             | main
--------------------------------------------------------------------------------
zo, 03. april 2016, 18:13 -> Sun Apr 03 18:13:46 CEST 2016 INFO ApplicationStarter       encoding:     Cp1252                                                                            | main
--------------------------------------------------------------------------------
zo, 03. april 2016, 18:13 -> Sun Apr 03 18:13:46 CEST 2016 INFO ApplicationStarter       java:         C:\Program Files\Java\jdk1.7.0_51\jre                                             | main
--------------------------------------------------------------------------------
zo, 03. april 2016, 18:13 -> Sun Apr 03 18:13:46 CEST 2016 INFO ApplicationStarter       java version: 1.7.0_51-b13                                                                      | main
--------------------------------------------------------------------------------
zo, 03. april 2016, 18:13 -> Sun Apr 03 18:13:46 CEST 2016 INFO ApplicationStarter       arguments:    {}                                                                                | main
--------------------------------------------------------------------------------
vr, 03. juni 2016, 21:29 -> Fri Jun 03 21:29:32 CEST 2016 INFO aultLogRecordHandler Log-file: error.log                                                                                 | main
--------------------------------------------------------------------------------
vr, 03. juni 2016, 21:29 -> Fri Jun 03 21:29:32 CEST 2016 INFO ApplicationStarter   ********************************************************************************                    | main
--------------------------------------------------------------------------------
vr, 03. juni 2016, 21:29 -> Fri Jun 03 21:29:32 CEST 2016 INFO ApplicationStarter   Starting application: scrum.mda.ScrumModelApplication                                               | main
--------------------------------------------------------------------------------
vr, 03. juni 2016, 21:29 -> Fri Jun 03 21:29:32 CEST 2016 INFO ApplicationStarter       DEVELOPMENT MODE                                                                                | main
--------------------------------------------------------------------------------
vr, 03. juni 2016, 21:29 -> Fri Jun 03 21:29:32 CEST 2016 INFO ApplicationStarter       time:         2016-06-03 21:29:32                                                               | main
--------------------------------------------------------------------------------
vr, 03. juni 2016, 21:29 -> Fri Jun 03 21:29:32 CEST 2016 INFO ApplicationStarter       system user:  erik                                                                              | main
--------------------------------------------------------------------------------
vr, 03. juni 2016, 21:29 -> Fri Jun 03 21:29:32 CEST 2016 INFO ApplicationStarter       user home:    C:\Users\erik.MYNETWORK                                                           | main
--------------------------------------------------------------------------------
vr, 03. juni 2016, 21:29 -> Fri Jun 03 21:29:32 CEST 2016 INFO ApplicationStarter       work-path:    C:\NB-DEV\Kunagi2\core                                                            | main
--------------------------------------------------------------------------------
vr, 03. juni 2016, 21:29 -> Fri Jun 03 21:29:32 CEST 2016 INFO ApplicationStarter       temp-path:    C:\Users\ERIK~1.MYN\AppData\Local\Temp                                            | main
--------------------------------------------------------------------------------
vr, 03. juni 2016, 21:29 -> Fri Jun 03 21:29:32 CEST 2016 INFO ApplicationStarter       locale:       en_US                                                                             | main
--------------------------------------------------------------------------------
vr, 03. juni 2016, 21:29 -> Fri Jun 03 21:29:32 CEST 2016 INFO ApplicationStarter       encoding:     Cp1252                                                                            | main
--------------------------------------------------------------------------------
vr, 03. juni 2016, 21:29 -> Fri Jun 03 21:29:32 CEST 2016 INFO ApplicationStarter       java:         C:\Program Files\Java\jdk1.7.0_51\jre                                             | main
--------------------------------------------------------------------------------
vr, 03. juni 2016, 21:29 -> Fri Jun 03 21:29:32 CEST 2016 INFO ApplicationStarter       java version: 1.7.0_51-b13                                                                      | main
--------------------------------------------------------------------------------
vr, 03. juni 2016, 21:29 -> Fri Jun 03 21:29:32 CEST 2016 INFO ApplicationStarter       arguments:    {}                                                                                | main
